<?xml version="1.0" encoding="utf-8"?><testsuites name="pytest tests"><testsuite name="pytest" errors="0" failures="0" skipped="0" tests="32" time="8.399" timestamp="2026-04-11T19:26:30.123748+00:00" hostname="agent-env-a2332f5d-2f22-45df-80ed-e03901c0def3"><testcase classname="tests.test_auth.TestAuthRegistration" name="test_register_new_user" time="0.474" /><testcase classname="tests.test_auth.TestAuthRegistration" name="test_register_duplicate_email" time="0.136" /><testcase classname="tests.test_auth.TestAuthRegistration" name="test_register_missing_fields" time="0.140" /><testcase classname="tests.test_auth.TestAuthLogin" name="test_login_admin_success" time="0.554" /><testcase classname="tests.test_auth.TestAuthLogin" name="test_login_wrong_password" time="0.323" /><testcase classname="tests.test_auth.TestAuthLogin" name="test_login_nonexistent_user" time="0.152" /><testcase classname="tests.test_auth.TestAuthMe" name="test_get_me_authenticated" time="0.387" /><testcase classname="tests.test_auth.TestAuthMe" name="test_get_me_no_token" time="0.156" /><testcase classname="tests.test_auth.TestAuthMe" name="test_get_me_invalid_token" time="0.102" /><testcase classname="tests.test_auth.TestAuthProfile" name="test_update_profile_skill_level" time="0.421" /><testcase classname="tests.test_auth.TestAuthProfile" name="test_update_profile_no_auth" time="0.144" /><testcase classname="tests.test_origami.TestOrigamiList" name="test_get_all_origami" time="0.128" /><testcase classname="tests.test_origami.TestOrigamiList" name="test_filter_by_skill_level_beginner" time="0.115" /><testcase classname="tests.test_origami.TestOrigamiList" name="test_filter_by_skill_level_intermediate" time="0.130" /><testcase classname="tests.test_origami.TestOrigamiList" name="test_filter_by_skill_level_advanced" time="0.107" /><testcase classname="tests.test_origami.TestOrigamiList" name="test_search_origami" time="0.107" /><testcase classname="tests.test_origami.TestOrigamiFeatured" name="test_get_featured_origami" time="0.100" /><testcase classname="tests.test_origami.TestOrigamiSeasonal" name="test_get_seasonal_origami" time="0.192" /><testcase classname="tests.test_origami.TestOrigamiDetail" name="test_get_origami_by_id" time="0.098" /><testcase classname="tests.test_origami.TestOrigamiDetail" name="test_get_nonexistent_origami" time="0.134" /><testcase classname="tests.test_progress.TestProgressStats" name="test_get_progress_stats" time="0.417" /><testcase classname="tests.test_progress.TestProgressStats" name="test_get_progress_stats_no_auth" time="0.104" /><testcase classname="tests.test_progress.TestProgressTracking" name="test_update_step_progress" time="0.416" /><testcase classname="tests.test_progress.TestProgressTracking" name="test_complete_origami" time="0.456" /><testcase classname="tests.test_progress.TestProgressTracking" name="test_complete_already_completed" time="0.419" /><testcase classname="tests.test_progress.TestFavorites" name="test_toggle_favorite" time="0.476" /><testcase classname="tests.test_progress.TestFavorites" name="test_get_favorites" time="0.473" /><testcase classname="tests.test_progress.TestFavorites" name="test_get_completed" time="0.410" /><testcase classname="tests.test_subscription.TestSubscriptionStatus" name="test_get_subscription_status" time="0.396" /><testcase classname="tests.test_subscription.TestSubscriptionStatus" name="test_subscription_status_no_auth" time="0.109" /><testcase classname="tests.test_subscription.TestSubscriptionActivation" name="test_activate_subscription" time="0.420" /><testcase classname="tests.test_subscription.TestSubscriptionActivation" name="test_activate_subscription_no_auth" time="0.111" /></testsuite></testsuites>